[2025-08-11 17:07:56,217] - [main.py:9] - [INFO] - === Data Transformation Pipeline Started ===
[2025-08-11 17:07:56,217] - [data_transformation.py:18] - [INFO] - Initializing Data Transformation component...
[2025-08-11 17:07:56,217] - [data_transformation.py:21] - [INFO] - Documents folder: /home/prem/Boonsai/Word_serch_API/artifacts/data_transformation/documents
[2025-08-11 17:07:56,217] - [data_transformation.py:22] - [INFO] - Images folder: /home/prem/Boonsai/Word_serch_API/artifacts/data_transformation/images
[2025-08-11 17:07:56,217] - [data_transformation.py:128] - [INFO] - Starting full data transformation pipeline...
[2025-08-11 17:07:56,217] - [data_transformation.py:30] - [INFO] - Starting file preprocessing...
[2025-08-11 17:07:56,217] - [data_transformation.py:45] - [INFO] - Found 1 .docx files to process.
[2025-08-11 17:07:56,217] - [data_transformation.py:53] - [INFO] - Converting /home/prem/Boonsai/Word_serch_API/data/Marketing Endmn & Annexure of Other state Mfg units 1.docx to PDF via LibreOffice...
[2025-08-11 17:07:57,592] - [data_transformation.py:77] - [INFO] - Processed: /home/prem/Boonsai/Word_serch_API/data/Marketing Endmn & Annexure of Other state Mfg units 1.docx
[2025-08-11 17:07:57,593] - [data_transformation.py:45] - [INFO] - Found 1 .pdf files to process.
[2025-08-11 17:07:57,593] - [data_transformation.py:69] - [INFO] - Copying existing PDF /home/prem/Boonsai/Word_serch_API/data/4.Mktng own and Marketer PC (1).pdf...
[2025-08-11 17:07:57,596] - [data_transformation.py:77] - [INFO] - Processed: /home/prem/Boonsai/Word_serch_API/data/4.Mktng own and Marketer PC (1).pdf
[2025-08-11 17:07:57,596] - [data_transformation.py:86] - [INFO] - File preprocessing completed.
[2025-08-11 17:07:57,596] - [data_transformation.py:95] - [INFO] - Starting image extraction from PDFs...
[2025-08-11 17:07:57,596] - [data_transformation.py:104] - [INFO] - Extracting from /home/prem/Boonsai/Word_serch_API/artifacts/data_transformation/documents/Marketing Endmn & Annexure of Other state Mfg units 1.pdf to /home/prem/Boonsai/Word_serch_API/artifacts/data_transformation/images/Marketing Endmn & Annexure of Other state Mfg units 1
[2025-08-11 17:07:57,913] - [data_transformation.py:114] - [INFO] - Extracted 11 images from /home/prem/Boonsai/Word_serch_API/artifacts/data_transformation/documents/Marketing Endmn & Annexure of Other state Mfg units 1.pdf.
[2025-08-11 17:07:57,913] - [data_transformation.py:104] - [INFO] - Extracting from /home/prem/Boonsai/Word_serch_API/artifacts/data_transformation/documents/4.Mktng own and Marketer PC (1).pdf to /home/prem/Boonsai/Word_serch_API/artifacts/data_transformation/images/4.Mktng own and Marketer PC (1)
[2025-08-11 17:08:01,307] - [data_transformation.py:114] - [INFO] - Extracted 54 images from /home/prem/Boonsai/Word_serch_API/artifacts/data_transformation/documents/4.Mktng own and Marketer PC (1).pdf.
[2025-08-11 17:08:01,307] - [data_transformation.py:119] - [INFO] - Image extraction completed.
[2025-08-11 17:08:01,324] - [data_transformation.py:133] - [INFO] - Data transformation completed successfully.
[2025-08-11 17:08:01,324] - [main.py:14] - [INFO] - === Data Transformation Pipeline Completed ===
[2025-08-11 17:08:01,324] - [main.py:15] - [INFO] - Extracted Images Folder: /home/prem/Boonsai/Word_serch_API/artifacts/data_transformation/images
[2025-08-11 17:08:01,324] - [main.py:16] - [INFO] - Converted Documents Folder: /home/prem/Boonsai/Word_serch_API/artifacts/data_transformation/documents
