[2025-08-12 11:37:21,477] - [main.py:11] - [INFO] - === Data Pipeline Started ===
[2025-08-12 11:37:21,477] - [data_transformation.py:19] - [INFO] - Initializing Data Transformation component...
[2025-08-12 11:37:21,477] - [data_transformation.py:22] - [INFO] - Documents folder: /home/prem/Boonsai/Word_serch_API/artifacts/data_transformation/documents
[2025-08-12 11:37:21,477] - [data_transformation.py:23] - [INFO] - Images folder: /home/prem/Boonsai/Word_serch_API/artifacts/data_transformation/images
[2025-08-12 11:37:21,477] - [data_transformation.py:129] - [INFO] - Starting full data transformation pipeline...
[2025-08-12 11:37:21,477] - [data_transformation.py:31] - [INFO] - Starting file preprocessing...
[2025-08-12 11:37:21,477] - [data_transformation.py:46] - [INFO] - Found 1 .docx files to process.
[2025-08-12 11:37:21,478] - [data_transformation.py:54] - [INFO] - Converting /home/prem/Boonsai/Word_serch_API/data/Marketing Endmn & Annexure of Other state Mfg units 1.docx to PDF via LibreOffice...
[2025-08-12 11:37:22,416] - [data_transformation.py:78] - [INFO] - Processed: /home/prem/Boonsai/Word_serch_API/data/Marketing Endmn & Annexure of Other state Mfg units 1.docx
[2025-08-12 11:37:22,416] - [data_transformation.py:46] - [INFO] - Found 1 .jpg files to process.
[2025-08-12 11:37:22,416] - [data_transformation.py:64] - [INFO] - Converting image /home/prem/Boonsai/Word_serch_API/data/imm.jpg to PDF...
[2025-08-12 11:37:22,434] - [data_transformation.py:78] - [INFO] - Processed: /home/prem/Boonsai/Word_serch_API/data/imm.jpg
[2025-08-12 11:37:22,434] - [data_transformation.py:46] - [INFO] - Found 1 .pdf files to process.
[2025-08-12 11:37:22,434] - [data_transformation.py:70] - [INFO] - Copying existing PDF /home/prem/Boonsai/Word_serch_API/data/4.Mktng own and Marketer PC (1).pdf...
[2025-08-12 11:37:22,437] - [data_transformation.py:78] - [INFO] - Processed: /home/prem/Boonsai/Word_serch_API/data/4.Mktng own and Marketer PC (1).pdf
[2025-08-12 11:37:22,437] - [data_transformation.py:87] - [INFO] - File preprocessing completed.
[2025-08-12 11:37:22,437] - [data_transformation.py:96] - [INFO] - Starting image extraction from PDFs...
[2025-08-12 11:37:22,437] - [data_transformation.py:105] - [INFO] - Extracting from /home/prem/Boonsai/Word_serch_API/artifacts/data_transformation/documents/Marketing Endmn & Annexure of Other state Mfg units 1.pdf to /home/prem/Boonsai/Word_serch_API/artifacts/data_transformation/images/Marketing Endmn & Annexure of Other state Mfg units 1
[2025-08-12 11:37:22,761] - [data_transformation.py:115] - [INFO] - Extracted 11 images from /home/prem/Boonsai/Word_serch_API/artifacts/data_transformation/documents/Marketing Endmn & Annexure of Other state Mfg units 1.pdf.
[2025-08-12 11:37:22,761] - [data_transformation.py:105] - [INFO] - Extracting from /home/prem/Boonsai/Word_serch_API/artifacts/data_transformation/documents/imm.pdf to /home/prem/Boonsai/Word_serch_API/artifacts/data_transformation/images/imm
[2025-08-12 11:37:22,820] - [data_transformation.py:115] - [INFO] - Extracted 1 images from /home/prem/Boonsai/Word_serch_API/artifacts/data_transformation/documents/imm.pdf.
[2025-08-12 11:37:22,820] - [data_transformation.py:105] - [INFO] - Extracting from /home/prem/Boonsai/Word_serch_API/artifacts/data_transformation/documents/4.Mktng own and Marketer PC (1).pdf to /home/prem/Boonsai/Word_serch_API/artifacts/data_transformation/images/4.Mktng own and Marketer PC (1)
[2025-08-12 11:37:26,178] - [data_transformation.py:115] - [INFO] - Extracted 54 images from /home/prem/Boonsai/Word_serch_API/artifacts/data_transformation/documents/4.Mktng own and Marketer PC (1).pdf.
[2025-08-12 11:37:26,178] - [data_transformation.py:120] - [INFO] - Image extraction completed.
[2025-08-12 11:37:26,199] - [data_transformation.py:134] - [INFO] - Data transformation completed successfully.
[2025-08-12 11:37:26,199] - [main.py:17] - [INFO] - Data Transformation Completed
[2025-08-12 11:37:26,199] - [main.py:18] - [INFO] - Extracted Images Folder: /home/prem/Boonsai/Word_serch_API/artifacts/data_transformation/images
[2025-08-12 11:37:26,199] - [main.py:19] - [INFO] - Converted Documents Folder: /home/prem/Boonsai/Word_serch_API/artifacts/data_transformation/documents
[2025-08-12 11:37:26,200] - [exception.py:13] - [ERROR] - Error occurred in Python Script: [/home/prem/Boonsai/Word_serch_API/src/main.py] at line number [22]. Error message: [DataDetection.__init__() got an unexpected keyword argument 'image_folder_path']
