[2025-08-12 12:02:37,750] - [main.py:11] - [INFO] - === Data Pipeline Started ===
[2025-08-12 12:02:37,750] - [data_transformation.py:19] - [INFO] - Initializing Data Transformation component...
[2025-08-12 12:02:37,750] - [data_transformation.py:22] - [INFO] - Documents folder: /home/prem/Boonsai/Word_serch_API/artifacts/data_transformation/documents
[2025-08-12 12:02:37,750] - [data_transformation.py:23] - [INFO] - Images folder: /home/prem/Boonsai/Word_serch_API/artifacts/data_transformation/images
[2025-08-12 12:02:37,750] - [data_transformation.py:129] - [INFO] - Starting full data transformation pipeline...
[2025-08-12 12:02:37,750] - [data_transformation.py:31] - [INFO] - Starting file preprocessing...
[2025-08-12 12:02:37,750] - [data_transformation.py:46] - [INFO] - Found 1 .docx files to process.
[2025-08-12 12:02:37,750] - [data_transformation.py:54] - [INFO] - Converting /home/prem/Boonsai/Word_serch_API/data/Marketing Endmn & Annexure of Other state Mfg units 1.docx to PDF via LibreOffice...
[2025-08-12 12:02:38,695] - [data_transformation.py:78] - [INFO] - Processed: /home/prem/Boonsai/Word_serch_API/data/Marketing Endmn & Annexure of Other state Mfg units 1.docx
[2025-08-12 12:02:38,696] - [data_transformation.py:46] - [INFO] - Found 1 .jpg files to process.
[2025-08-12 12:02:38,696] - [data_transformation.py:64] - [INFO] - Converting image /home/prem/Boonsai/Word_serch_API/data/imm.jpg to PDF...
[2025-08-12 12:02:38,719] - [data_transformation.py:78] - [INFO] - Processed: /home/prem/Boonsai/Word_serch_API/data/imm.jpg
[2025-08-12 12:02:38,719] - [data_transformation.py:46] - [INFO] - Found 1 .pdf files to process.
[2025-08-12 12:02:38,719] - [data_transformation.py:70] - [INFO] - Copying existing PDF /home/prem/Boonsai/Word_serch_API/data/4.Mktng own and Marketer PC (1).pdf...
[2025-08-12 12:02:38,722] - [data_transformation.py:78] - [INFO] - Processed: /home/prem/Boonsai/Word_serch_API/data/4.Mktng own and Marketer PC (1).pdf
[2025-08-12 12:02:38,722] - [data_transformation.py:87] - [INFO] - File preprocessing completed.
[2025-08-12 12:02:38,722] - [data_transformation.py:96] - [INFO] - Starting image extraction from PDFs...
[2025-08-12 12:02:38,722] - [data_transformation.py:105] - [INFO] - Extracting from /home/prem/Boonsai/Word_serch_API/artifacts/data_transformation/documents/Marketing Endmn & Annexure of Other state Mfg units 1.pdf to /home/prem/Boonsai/Word_serch_API/artifacts/data_transformation/images/Marketing Endmn & Annexure of Other state Mfg units 1
[2025-08-12 12:02:39,064] - [data_transformation.py:115] - [INFO] - Extracted 11 images from /home/prem/Boonsai/Word_serch_API/artifacts/data_transformation/documents/Marketing Endmn & Annexure of Other state Mfg units 1.pdf.
[2025-08-12 12:02:39,064] - [data_transformation.py:105] - [INFO] - Extracting from /home/prem/Boonsai/Word_serch_API/artifacts/data_transformation/documents/imm.pdf to /home/prem/Boonsai/Word_serch_API/artifacts/data_transformation/images/imm
[2025-08-12 12:02:39,129] - [data_transformation.py:115] - [INFO] - Extracted 1 images from /home/prem/Boonsai/Word_serch_API/artifacts/data_transformation/documents/imm.pdf.
[2025-08-12 12:02:39,129] - [data_transformation.py:105] - [INFO] - Extracting from /home/prem/Boonsai/Word_serch_API/artifacts/data_transformation/documents/4.Mktng own and Marketer PC (1).pdf to /home/prem/Boonsai/Word_serch_API/artifacts/data_transformation/images/4.Mktng own and Marketer PC (1)
[2025-08-12 12:02:42,493] - [data_transformation.py:115] - [INFO] - Extracted 54 images from /home/prem/Boonsai/Word_serch_API/artifacts/data_transformation/documents/4.Mktng own and Marketer PC (1).pdf.
[2025-08-12 12:02:42,493] - [data_transformation.py:120] - [INFO] - Image extraction completed.
[2025-08-12 12:02:42,514] - [data_transformation.py:134] - [INFO] - Data transformation completed successfully.
[2025-08-12 12:02:42,514] - [main.py:17] - [INFO] - Data Transformation Completed
[2025-08-12 12:02:42,514] - [main.py:18] - [INFO] - Extracted Images Folder: /home/prem/Boonsai/Word_serch_API/artifacts/data_transformation/images
[2025-08-12 12:02:42,514] - [main.py:19] - [INFO] - Converted Documents Folder: /home/prem/Boonsai/Word_serch_API/artifacts/data_transformation/documents
[2025-08-12 12:02:42,514] - [data_detection.py:18] - [INFO] - Initializing Data Detection component...
[2025-08-12 12:02:42,514] - [data_detection.py:24] - [INFO] - Annotated images folder: /home/prem/Boonsai/Word_serch_API/artifacts/data_detection/annotated_images/annotated_images
[2025-08-12 12:02:42,514] - [data_detection.py:25] - [INFO] - Output folder: /home/prem/Boonsai/Word_serch_API/artifacts/data_detection/annotated_images/output_json
[2025-08-12 12:02:42,664] - [data.py:88] - [INFO] - Using downloaded & verified file: /home/prem/.cache/doctr/models/fast_base-688a8b34.pt
[2025-08-12 12:02:43,468] - [data.py:88] - [INFO] - Using downloaded & verified file: /home/prem/.cache/doctr/models/crnn_vgg16_bn-0417f351.pt
[2025-08-12 12:02:43,506] - [data.py:88] - [INFO] - Using downloaded & verified file: /home/prem/.cache/doctr/models/mobilenet_v3_small_crop_orientation-f0847a18.pt
[2025-08-12 12:02:43,540] - [data.py:88] - [INFO] - Using downloaded & verified file: /home/prem/.cache/doctr/models/mobilenet_v3_small_page_orientation-8e60325c.pt
[2025-08-12 12:02:43,556] - [data_detection.py:75] - [INFO] - Processing document: Marketing Endmn & Annexure of Other state Mfg units 1
[2025-08-12 12:03:09,312] - [data_detection.py:75] - [INFO] - Processing document: 4.Mktng own and Marketer PC (1)
[2025-08-12 12:05:55,055] - [data_detection.py:75] - [INFO] - Processing document: imm
[2025-08-12 12:05:55,697] - [data_detection.py:117] - [INFO] - OCR results saved to /home/prem/Boonsai/Word_serch_API/artifacts/data_detection/annotated_images/output_json/final_output.json
[2025-08-12 12:05:55,698] - [main.py:27] - [INFO] - Data Detection Completed
[2025-08-12 12:05:55,698] - [main.py:28] - [INFO] - Detection Results File: /home/prem/Boonsai/Word_serch_API/artifacts/data_detection/annotated_images/output_json/final_output.json
[2025-08-12 12:05:55,698] - [main.py:35] - [INFO] - === Data Pipeline Completed ===
